I-AM-WE-TOD-ED
killing_cats_makes_u_a_pussy_wannabe
It hurts when IP
Hogwarts WiFi
Mikes Tree House (not made from garbage parts)
Lord Voldemodem
The 80's called k falls they want everything back
YourBabyisReallyUgly
For Porn Use Only
no.8 Not a Meth Lab
Bathroom Spycam #2
The Ping in the North
bathroom2 Spy Cam #3
House LANnister
Lord of the Pings
Yell penis for password
2 Cool For You
Abraham Linksys
Plaza Manor not a meth lab I swear
meth lab
bathroom3 Spy Cam #4
drone spycam #1a
XziimP_h4ck3r lol
